<?xml version="1.0" encoding="UTF-8"?>
<testsuite name="app.controllers.CalculatorControllerTest" tests="2" skipped="0" failures="0" errors="0" timestamp="2018-07-15T10:40:19" hostname="TSL057s-MacBook-Pro.local" time="0.004">
  <properties/>
  <testcase name="add" classname="app.controllers.CalculatorControllerTest" time="0.002"/>
  <testcase name="multiply" classname="app.controllers.CalculatorControllerTest" time="0.001"/>
  <system-out><![CDATA[]]></system-out>
  <system-err><![CDATA[]]></system-err>
</testsuite>
